<?xml version="1.0" encoding="UTF-8"?>
<testng-results skipped="0" failed="0" total="1" passed="1">
  <reporter-output>
  </reporter-output>
  <suite name="Default suite" duration-ms="2810" started-at="2018-04-02T00:08:39Z" finished-at="2018-04-02T00:08:42Z">
    <groups>
    </groups>
    <test name="Default test" duration-ms="2810" started-at="2018-04-02T00:08:39Z" finished-at="2018-04-02T00:08:42Z">
      <class name="SampleTests.TestGetCalls">
        <test-method status="PASS" signature="testGetCallWithQueryParameters()[pri:0, instance:SampleTests.TestGetCalls@32d992b2]" name="testGetCallWithQueryParameters" duration-ms="2794" started-at="2018-04-02T00:08:39Z" finished-at="2018-04-02T00:08:42Z">
        </test-method> <!-- testGetCallWithQueryParameters -->
      </class> <!-- SampleTests.TestGetCalls -->
    </test> <!-- Default test -->
  </suite> <!-- Default suite -->
</testng-results>
